<?xml version="1.0" encoding="UTF-8"?>
<!-- Generated by org.testng.reporters.JUnitReportReporter -->
<testsuite hostname="DESKTOP-TN2E3HL" failures="0" tests="2" name="testClasses.TC_LoginPage" time="4.218" errors="0" timestamp="2025-11-01T11:42:30 GST" skipped="0">
  <testcase classname="testClasses.TC_LoginPage" name="login" time="1.946"/>
  <testcase classname="testClasses.TC_LoginPage" name="login" time="2.272"/>
</testsuite> <!-- testClasses.TC_LoginPage -->
