<?xml version="1.0" encoding="UTF-8"?>
<!-- Generated by org.testng.reporters.JUnitReportReporter -->
<testsuite hostname="DESKTOP-TN2E3HL" failures="0" tests="1" name="testClasses.TC_LoginPage" time="1.416" errors="0" timestamp="2025-09-13T21:15:33 GST" skipped="0">
  <testcase classname="testClasses.TC_LoginPage" name="login" time="1.416"/>
</testsuite> <!-- testClasses.TC_LoginPage -->
