<?xml version="1.0" encoding="UTF-8"?>
<!-- Generated by org.testng.reporters.JUnitReportReporter -->
<testsuite hostname="DESKTOP-TN2E3HL" failures="0" tests="1" name="testClasses.TC_RegisterAccount" time="3.735" errors="0" timestamp="2025-09-10T15:56:06 GST" skipped="0">
  <testcase classname="testClasses.TC_RegisterAccount" name="register" time="3.735"/>
</testsuite> <!-- testClasses.TC_RegisterAccount -->
