<?xml version="1.0" encoding="UTF-8"?>
<!-- Generated by org.testng.reporters.JUnitReportReporter -->
<testsuite hostname="DESKTOP-TN2E3HL" failures="0" tests="2" name="testClasses.TC_RegisterAccount" time="5.433" errors="0" timestamp="2025-11-01T11:42:30 GST" skipped="0">
  <testcase classname="testClasses.TC_RegisterAccount" name="register" time="2.800"/>
  <testcase classname="testClasses.TC_RegisterAccount" name="register" time="2.633"/>
</testsuite> <!-- testClasses.TC_RegisterAccount -->
